<?xml version="1.0" encoding="UTF-8"?>
<testng-results ignored="0" total="5" passed="5" failed="0" skipped="0">
  <reporter-output>
  </reporter-output>
  <suite started-at="2023-08-15T22:00:19 GMT-04:00" name="Default suite" finished-at="2023-08-15T22:00:19 GMT-04:00" duration-ms="80">
    <groups>
    </groups>
    <test started-at="2023-08-15T22:00:19 GMT-04:00" name="Default test" finished-at="2023-08-15T22:00:19 GMT-04:00" duration-ms="80">
      <class name="PriorityEg">
        <test-method signature="login()[pri:0, instance:PriorityEg@37858383]" started-at="2023-08-15T22:00:19 GMT-04:00" name="login" finished-at="2023-08-15T22:00:19 GMT-04:00" duration-ms="9" status="PASS">
          <reporter-output>
          </reporter-output>
        </test-method> <!-- login -->
        <test-method signature="order()[pri:0, instance:PriorityEg@37858383]" started-at="2023-08-15T22:00:19 GMT-04:00" name="order" finished-at="2023-08-15T22:00:19 GMT-04:00" duration-ms="2" status="PASS">
          <reporter-output>
          </reporter-output>
        </test-method> <!-- order -->
        <test-method signature="remove()[pri:3, instance:PriorityEg@37858383]" started-at="2023-08-15T22:00:19 GMT-04:00" name="remove" finished-at="2023-08-15T22:00:19 GMT-04:00" duration-ms="2" status="PASS">
          <reporter-output>
          </reporter-output>
        </test-method> <!-- remove -->
        <test-method signature="profile()[pri:4, instance:PriorityEg@37858383]" started-at="2023-08-15T22:00:19 GMT-04:00" name="profile" finished-at="2023-08-15T22:00:19 GMT-04:00" duration-ms="2" status="PASS">
          <reporter-output>
          </reporter-output>
        </test-method> <!-- profile -->
        <test-method signature="addtocart()[pri:6, instance:PriorityEg@37858383]" started-at="2023-08-15T22:00:19 GMT-04:00" name="addtocart" finished-at="2023-08-15T22:00:19 GMT-04:00" duration-ms="1" status="PASS">
          <reporter-output>
          </reporter-output>
        </test-method> <!-- addtocart -->
      </class> <!-- PriorityEg -->
    </test> <!-- Default test -->
  </suite> <!-- Default suite -->
</testng-results>
