<?xml version="1.0" encoding="UTF-8"?>
<testng-results ignored="0" total="3" passed="3" failed="0" skipped="0">
  <reporter-output>
  </reporter-output>
  <suite started-at="2023-08-16T21:55:07 GMT-04:00" name="Default suite" finished-at="2023-08-16T21:55:28 GMT-04:00" duration-ms="20911">
    <groups>
    </groups>
    <test started-at="2023-08-16T21:55:07 GMT-04:00" name="Default test" finished-at="2023-08-16T21:55:28 GMT-04:00" duration-ms="20911">
      <class name="Data_Provider.Logindataprovider">
        <test-method signature="login(java.lang.String,java.lang.String)[pri:0, instance:Data_Provider.Logindataprovider@6a370f4]" started-at="2023-08-16T21:55:07 GMT-04:00" name="login" data-provider="logindata" finished-at="2023-08-16T21:55:14 GMT-04:00" duration-ms="7453" status="PASS">
          <params>
            <param index="0">
              <value>
                <![CDATA[standard_user]]>
              </value>
            </param>
            <param index="1">
              <value>
                <![CDATA[secret_sauce]]>
              </value>
            </param>
          </params>
          <reporter-output>
          </reporter-output>
        </test-method> <!-- login -->
        <test-method signature="login(java.lang.String,java.lang.String)[pri:0, instance:Data_Provider.Logindataprovider@6a370f4]" started-at="2023-08-16T21:55:14 GMT-04:00" name="login" data-provider="logindata" finished-at="2023-08-16T21:55:18 GMT-04:00" duration-ms="3964" status="PASS">
          <params>
            <param index="0">
              <value>
                <![CDATA[problem_user]]>
              </value>
            </param>
            <param index="1">
              <value>
                <![CDATA[secret_sauce]]>
              </value>
            </param>
          </params>
          <reporter-output>
          </reporter-output>
        </test-method> <!-- login -->
        <test-method signature="login(java.lang.String,java.lang.String)[pri:0, instance:Data_Provider.Logindataprovider@6a370f4]" started-at="2023-08-16T21:55:18 GMT-04:00" name="login" data-provider="logindata" finished-at="2023-08-16T21:55:28 GMT-04:00" duration-ms="9422" status="PASS">
          <params>
            <param index="0">
              <value>
                <![CDATA[performance_glitch_user]]>
              </value>
            </param>
            <param index="1">
              <value>
                <![CDATA[secret_sauce]]>
              </value>
            </param>
          </params>
          <reporter-output>
          </reporter-output>
        </test-method> <!-- login -->
      </class> <!-- Data_Provider.Logindataprovider -->
    </test> <!-- Default test -->
  </suite> <!-- Default suite -->
</testng-results>
