<?xml version="1.0" encoding="UTF-8"?>
<!-- Generated by org.testng.reporters.JUnitXMLReporter -->
<testsuite ignored="0" hostname="DESKTOP-7EUDCAL" failures="0" tests="5" name="Default test" time="0.08" errors="0" timestamp="2023-08-15T22:00:19 GMT-04:00">
  <testcase classname="PriorityEg" name="login" time="0.009"/>
  <testcase classname="PriorityEg" name="order" time="0.002"/>
  <testcase classname="PriorityEg" name="remove" time="0.002"/>
  <testcase classname="PriorityEg" name="profile" time="0.002"/>
  <testcase classname="PriorityEg" name="addtocart" time="0.001"/>
</testsuite> <!-- Default test -->
