<?xml version="1.0" encoding="UTF-8"?>
<!-- Generated by org.testng.reporters.JUnitXMLReporter -->
<testsuite ignored="0" hostname="DESKTOP-7EUDCAL" failures="0" tests="3" name="SAUCETESTS" time="11.466" errors="0" timestamp="2023-08-17T22:02:51 GMT-04:00">
  <testcase classname="TestCases.AddToCartTest" name="addtocart" time="0.275"/>
  <testcase classname="TestCases.LoginTest" name="inValidLogin" time="0.433"/>
  <testcase classname="TestCases.LoginTest" name="validLogin" time="0.514"/>
</testsuite> <!-- SAUCETESTS -->
