<?xml version="1.0" encoding="UTF-8"?>
<testng-results ignored="0" total="2" passed="2" failed="0" skipped="0">
  <reporter-output>
  </reporter-output>
  <suite started-at="2023-08-18T21:12:38 GMT-04:00" name="Default suite" finished-at="2023-08-18T21:12:51 GMT-04:00" duration-ms="12475">
    <groups>
    </groups>
    <test started-at="2023-08-18T21:12:38 GMT-04:00" name="Default test" finished-at="2023-08-18T21:12:51 GMT-04:00" duration-ms="12475">
      <class name="TestCases.LoginTest">
        <test-method is-config="true" signature="launch()[pri:0, instance:TestCases.LoginTest@4310d43]" started-at="2023-08-18T21:12:38 GMT-04:00" name="launch" finished-at="2023-08-18T21:12:46 GMT-04:00" duration-ms="7465" status="PASS">
          <reporter-output>
          </reporter-output>
        </test-method> <!-- launch -->
        <test-method signature="inValidLogin()[pri:0, instance:TestCases.LoginTest@4310d43]" started-at="2023-08-18T21:12:46 GMT-04:00" name="inValidLogin" finished-at="2023-08-18T21:12:46 GMT-04:00" duration-ms="734" status="PASS">
          <reporter-output>
          </reporter-output>
        </test-method> <!-- inValidLogin -->
        <test-method is-config="true" signature="teardown()[pri:0, instance:TestCases.LoginTest@4310d43]" started-at="2023-08-18T21:12:46 GMT-04:00" name="teardown" finished-at="2023-08-18T21:12:47 GMT-04:00" duration-ms="337" status="PASS">
          <reporter-output>
          </reporter-output>
        </test-method> <!-- teardown -->
        <test-method is-config="true" signature="launch()[pri:0, instance:TestCases.LoginTest@4310d43]" started-at="2023-08-18T21:12:47 GMT-04:00" name="launch" finished-at="2023-08-18T21:12:49 GMT-04:00" duration-ms="2590" status="PASS">
          <reporter-output>
          </reporter-output>
        </test-method> <!-- launch -->
        <test-method signature="validLogin()[pri:0, instance:TestCases.LoginTest@4310d43]" started-at="2023-08-18T21:12:49 GMT-04:00" name="validLogin" finished-at="2023-08-18T21:12:50 GMT-04:00" duration-ms="933" status="PASS">
          <reporter-output>
          </reporter-output>
        </test-method> <!-- validLogin -->
        <test-method is-config="true" signature="teardown()[pri:0, instance:TestCases.LoginTest@4310d43]" started-at="2023-08-18T21:12:50 GMT-04:00" name="teardown" finished-at="2023-08-18T21:12:51 GMT-04:00" duration-ms="272" status="PASS">
          <reporter-output>
          </reporter-output>
        </test-method> <!-- teardown -->
      </class> <!-- TestCases.LoginTest -->
    </test> <!-- Default test -->
  </suite> <!-- Default suite -->
</testng-results>
