<?xml version="1.0" encoding="UTF-8"?>
<testng-results ignored="0" total="3" passed="3" failed="0" skipped="0">
  <reporter-output>
  </reporter-output>
  <suite started-at="2023-08-17T22:02:40 GMT-04:00" name="SAUCESUITE" finished-at="2023-08-17T22:02:51 GMT-04:00" duration-ms="11466">
    <groups>
    </groups>
    <test started-at="2023-08-17T22:02:40 GMT-04:00" name="SAUCETESTS" finished-at="2023-08-17T22:02:51 GMT-04:00" duration-ms="11466">
      <class name="TestCases.LoginTest">
        <test-method is-config="true" signature="launch()[pri:0, instance:TestCases.LoginTest@791f145a]" started-at="2023-08-17T22:02:45 GMT-04:00" name="launch" finished-at="2023-08-17T22:02:47 GMT-04:00" duration-ms="2344" status="PASS">
          <reporter-output>
          </reporter-output>
        </test-method> <!-- launch -->
        <test-method signature="inValidLogin()[pri:0, instance:TestCases.LoginTest@791f145a]" started-at="2023-08-17T22:02:47 GMT-04:00" name="inValidLogin" finished-at="2023-08-17T22:02:48 GMT-04:00" duration-ms="433" status="PASS">
          <reporter-output>
          </reporter-output>
        </test-method> <!-- inValidLogin -->
        <test-method is-config="true" signature="teardown()[pri:0, instance:TestCases.LoginTest@791f145a]" started-at="2023-08-17T22:02:48 GMT-04:00" name="teardown" finished-at="2023-08-17T22:02:48 GMT-04:00" duration-ms="241" status="PASS">
          <reporter-output>
          </reporter-output>
        </test-method> <!-- teardown -->
        <test-method is-config="true" signature="launch()[pri:0, instance:TestCases.LoginTest@791f145a]" started-at="2023-08-17T22:02:48 GMT-04:00" name="launch" finished-at="2023-08-17T22:02:50 GMT-04:00" duration-ms="2311" status="PASS">
          <reporter-output>
          </reporter-output>
        </test-method> <!-- launch -->
        <test-method signature="validLogin()[pri:0, instance:TestCases.LoginTest@791f145a]" started-at="2023-08-17T22:02:50 GMT-04:00" name="validLogin" finished-at="2023-08-17T22:02:51 GMT-04:00" duration-ms="514" status="PASS">
          <reporter-output>
          </reporter-output>
        </test-method> <!-- validLogin -->
        <test-method is-config="true" signature="teardown()[pri:0, instance:TestCases.LoginTest@791f145a]" started-at="2023-08-17T22:02:51 GMT-04:00" name="teardown" finished-at="2023-08-17T22:02:51 GMT-04:00" duration-ms="323" status="PASS">
          <reporter-output>
          </reporter-output>
        </test-method> <!-- teardown -->
      </class> <!-- TestCases.LoginTest -->
      <class name="TestCases.AddToCartTest">
        <test-method is-config="true" signature="launch()[pri:0, instance:TestCases.AddToCartTest@26e356f0]" started-at="2023-08-17T22:02:40 GMT-04:00" name="launch" finished-at="2023-08-17T22:02:44 GMT-04:00" duration-ms="4615" status="PASS">
          <reporter-output>
          </reporter-output>
        </test-method> <!-- launch -->
        <test-method signature="addtocart()[pri:0, instance:TestCases.AddToCartTest@26e356f0]" started-at="2023-08-17T22:02:44 GMT-04:00" name="addtocart" finished-at="2023-08-17T22:02:44 GMT-04:00" duration-ms="275" status="PASS">
          <reporter-output>
          </reporter-output>
        </test-method> <!-- addtocart -->
        <test-method is-config="true" signature="teardown()[pri:0, instance:TestCases.AddToCartTest@26e356f0]" started-at="2023-08-17T22:02:45 GMT-04:00" name="teardown" finished-at="2023-08-17T22:02:45 GMT-04:00" duration-ms="322" status="PASS">
          <reporter-output>
          </reporter-output>
        </test-method> <!-- teardown -->
      </class> <!-- TestCases.AddToCartTest -->
    </test> <!-- SAUCETESTS -->
  </suite> <!-- SAUCESUITE -->
</testng-results>
