<?xml version="1.0" encoding="UTF-8"?>
<!-- Generated by org.testng.reporters.JUnitXMLReporter -->
<testsuite ignored="0" hostname="DESKTOP-7EUDCAL" failures="0" tests="3" name="Default test" time="20.911" errors="0" timestamp="2023-08-16T21:55:28 GMT-04:00">
  <testcase classname="Data_Provider.Logindataprovider" name="login" time="7.453"/>
  <testcase classname="Data_Provider.Logindataprovider" name="login" time="3.964"/>
  <testcase classname="Data_Provider.Logindataprovider" name="login" time="9.422"/>
</testsuite> <!-- Default test -->
